(0000) 3000  0011000000000000 (   5)                 .ORIG x3000
(3000) 56E0  0101011011100000 (   6)                 AND   R3 R3 #0
(3001) 266E  0010011001101110 (   7)                 LD    R3 DATAPTR
(3002) 62C0  0110001011000000 (   8) OutLoop         LDR   R1 R3 #0
(3003) 18E1  0001100011100001 (   9)                 ADD   R4 R3 #1
(3004) 6500  0110010100000000 (  10) InLoop          LDR   R2 R4 #0
(3005) 5B60  0101101101100000 (  13)                 AND   R5 R5 #0
(3006) 1ABC  0001101010111100 (  14)                 ADD   R5 R2 #-4
(3007) 041E  0000010000011110 (  15)                 BRZ   OUTPUT
(3008) 480C  0100100000001100 (  19)                 JSR   SWAP
(3009) 1921  0001100100100001 (  23)                 ADD   R4 R4 #1
(300A) 5B60  0101101101100000 (  24)                 AND   R5 R5 #0
(300B) 6B00  0110101100000000 (  25)                 LDR   R5 R4 #0
(300C) 1B7C  0001101101111100 (  26)                 ADD   R5 R5 #-4
(300D) 0BF6  0000101111110110 (  27)                 BRNP  InLoop
(300E) 5920  0101100100100000 (  28)                 AND   R4 R4 #0
(300F) 16E1  0001011011100001 (  29)                 ADD   R3 R3 #1
(3010) 5B60  0101101101100000 (  30)                 AND   R5 R5 #0
(3011) 6AC0  0110101011000000 (  31)                 LDR   R5 R3 #0
(3012) 1B7C  0001101101111100 (  32)                 ADD   R5 R5 #-4
(3013) 0412  0000010000010010 (  33)                 BRZ   OUTPUT
(3014) 0FED  0000111111101101 (  34)                 BRNZP OutLoop
(3015) 3E5B  0011111001011011 (  38) SWAP            ST    R7 SaveR7
(3016) 365E  0011011001011110 (  39)                 ST    R3 SaveR3
(3017) 56E0  0101011011100000 (  41)                 AND   R3 R3 #0
(3018) 967F  1001011001111111 (  47)                 NOT   R3 R1
(3019) 16E1  0001011011100001 (  48)                 ADD   R3 R3 #1
(301A) 16C2  0001011011000010 (  49)                 ADD   R3 R3 R2
(301B) 0607  0000011000000111 (  50)                 BRZP  GOBACK
(301C) 56E0  0101011011100000 (  54)                 AND   R3 R3 #0
(301D) 1660  0001011001100000 (  55)                 ADD   R3 R1 #0
(301E) 12A0  0001001010100000 (  56)                 ADD   R1 R2 #0
(301F) 14E0  0001010011100000 (  57)                 ADD   R2 R3 #0
(3020) 2654  0010011001010100 (  61)                 LD    R3 SaveR3
(3021) 72C0  0111001011000000 (  62)                 STR   R1 R3 #0
(3022) 7500  0111010100000000 (  63)                 STR   R2 R4 #0
(3023) 2651  0010011001010001 (  64) GOBACK          LD    R3 SaveR3
(3024) 2E4C  0010111001001100 (  65)                 LD    R7 SaveR7
(3025) C1C0  1100000111000000 (  66)                 RET   
(3026) E05D  1110000001011101 (  71) OUTPUT          LEA   R0 PROMPT1
(3027) F022  1111000000100010 (  72)                 TRAP  x22
(3028) 205A  0010000001011010 (  73)                 LD    R0 NEWLINE
(3029) F021  1111000000100001 (  74)                 TRAP  x21
(302A) E072  1110000001110010 (  75)                 LEA   R0 PROMPT2
(302B) F022  1111000000100010 (  76)                 TRAP  x22
(302C) 2056  0010000001010110 (  77)                 LD    R0 NEWLINE
(302D) F021  1111000000100001 (  78)                 TRAP  x21
(302E) E095  1110000010010101 (  79)                 LEA   R0 PROMPT3
(302F) F022  1111000000100010 (  80)                 TRAP  x22
(3030) 2052  0010000001010010 (  81)                 LD    R0 NEWLINE
(3031) F021  1111000000100001 (  82)                 TRAP  x21
(3032) 56E0  0101011011100000 (  84)                 AND   R3 R3 #0
(3033) 5B60  0101101101100000 (  85)                 AND   R5 R5 #0
(3034) 263B  0010011000111011 (  86)                 LD    R3 DATAPTR
(3035) 60C0  0110000011000000 (  87) LOOP            LDR   R0 R3 #0
(3036) 480F  0100100000001111 (  88)                 JSR   BinarytoASCII
(3037) 5920  0101100100100000 (  89)                 AND   R4 R4 #0
(3038) 1924  0001100100100100 (  90)                 ADD   R4 R4 #4
(3039) E43F  1110010000111111 (  91)                 LEA   R2 ASCIIBUFF
(303A) 6080  0110000010000000 (  92) AGAIN           LDR   R0 R2 #0
(303B) F021  1111000000100001 (  93)                 TRAP  x21
(303C) 14A1  0001010010100001 (  94)                 ADD   R2 R2 #1
(303D) 193F  0001100100111111 (  95)                 ADD   R4 R4 #-1
(303E) 03FB  0000001111111011 (  96)                 BRP   AGAIN
(303F) 2043  0010000001000011 (  97)                 LD    R0 NEWLINE
(3040) F021  1111000000100001 (  98)                 TRAP  x21
(3041) 16E1  0001011011100001 (  99)                 ADD   R3 R3 #1
(3042) 6AC0  0110101011000000 ( 100)                 LDR   R5 R3 #0
(3043) 1B7C  0001101101111100 ( 101)                 ADD   R5 R5 #-4
(3044) 042A  0000010000101010 ( 102)                 BRZ   EXIT
(3045) 0FEF  0000111111101111 ( 103)                 BRNZP LOOP
(3046) 3E2A  0011111000101010 ( 111) BinarytoASCII   ST    R7 SaveR7
(3047) 302A  0011000000101010 ( 112)                 ST    R0 SaveR0
(3048) 322A  0011001000101010 ( 113)                 ST    R1 SaveR1
(3049) 342A  0011010000101010 ( 114)                 ST    R2 SaveR2
(304A) 362A  0011011000101010 ( 115)                 ST    R3 SaveR3
(304B) E22D  1110001000101101 ( 117)                 LEA   R1 ASCIIBUFF
(304C) 1020  0001000000100000 ( 118)                 ADD   R0 R0 #0
(304D) 0803  0000100000000011 ( 119)                 BRN   NEGSIGN
(304E) 242E  0010010000101110 ( 120)                 LD    R2 ASCIIPLUS
(304F) 7440  0111010001000000 ( 121)                 STR   R2 R1 #0
(3050) 0E04  0000111000000100 ( 122)                 BRNZP BEGIN100
(3051) 242C  0010010000101100 ( 123) NEGSIGN         LD    R2 ASCIIMINUS
(3052) 7440  0111010001000000 ( 124)                 STR   R2 R1 #0
(3053) 903F  1001000000111111 ( 125)                 NOT   R0 R0
(3054) 1021  0001000000100001 ( 126)                 ADD   R0 R0 #1
(3055) 2429  0010010000101001 ( 128) BEGIN100        LD    R2 ASCIIOFFSET
(3056) 2629  0010011000101001 ( 130)                 LD    R3 NEG100
(3057) 1003  0001000000000011 ( 131) LOOP100         ADD   R0 R0 R3
(3058) 0802  0000100000000010 ( 132)                 BRN   END100
(3059) 14A1  0001010010100001 ( 133)                 ADD   R2 R2 #1
(305A) 0FFC  0000111111111100 ( 134)                 BRNZP LOOP100
(305B) 7441  0111010001000001 ( 136) END100          STR   R2 R1 #1
(305C) 2624  0010011000100100 ( 137)                 LD    R3 POS100
(305D) 1003  0001000000000011 ( 138)                 ADD   R0 R0 R3
(305E) 2420  0010010000100000 ( 140) BEGIN10         LD    R2 ASCIIOFFSET
(305F) 2622  0010011000100010 ( 142)                 LD    R3 NEG10
(3060) 1003  0001000000000011 ( 143) LOOP10          ADD   R0 R0 R3
(3061) 0802  0000100000000010 ( 144)                 BRN   END10
(3062) 14A1  0001010010100001 ( 145)                 ADD   R2 R2 #1
(3063) 0FFC  0000111111111100 ( 146)                 BRNZP LOOP10
(3064) 7442  0111010001000010 ( 148) END10           STR   R2 R1 #2
(3065) 102A  0001000000101010 ( 149)                 ADD   R0 R0 #10
(3066) 2418  0010010000011000 ( 151) BEGIN1          LD    R2 ASCIIOFFSET
(3067) 1480  0001010010000000 ( 152)                 ADD   R2 R2 R0
(3068) 7443  0111010001000011 ( 153)                 STR   R2 R1 #3
(3069) 2008  0010000000001000 ( 155)                 LD    R0 SaveR0
(306A) 2208  0010001000001000 ( 156)                 LD    R1 SaveR1
(306B) 2408  0010010000001000 ( 157)                 LD    R2 SaveR2
(306C) 2608  0010011000001000 ( 158)                 LD    R3 SaveR3
(306D) 2E03  0010111000000011 ( 159)                 LD    R7 SaveR7
(306E) C1C0  1100000111000000 ( 161)                 RET   
(306F) F025  1111000000100101 ( 163) EXIT            TRAP  x25
(3070) 3100  0011000100000000 ( 165) DATAPTR         .FILL x3100
(3071) 0000  0000000000000000 ( 167) SaveR7          .FILL x0000
(3072) 0000  0000000000000000 ( 168) SaveR0          .FILL x0000
(3073) 0000  0000000000000000 ( 169) SaveR1          .FILL x0000
(3074) 0000  0000000000000000 ( 170) SaveR2          .FILL x0000
(3075) 0000  0000000000000000 ( 171) SaveR3          .FILL x0000
(3076) 0000  0000000000000000 ( 172) SaveR4          .FILL x0000
(3077) 0000  0000000000000000 ( 173) SaveR5          .FILL x0000
(3078) FFD0  1111111111010000 ( 173) NegASCIIOffset  .FILL xFFD0
(3079) 0000  0000000000000000 ( 175) ASCIIBUFF       .FILL x0000
(307A) 0000  0000000000000000 ( 175)                 .FILL x0000
(307B) 0000  0000000000000000 ( 175)                 .FILL x0000
(307C) 0000  0000000000000000 ( 175)                 .FILL x0000
(307D) 002B  0000000000101011 ( 175) ASCIIPLUS       .FILL x002B
(307E) 002D  0000000000101101 ( 176) ASCIIMINUS      .FILL x002D
(307F) 0030  0000000000110000 ( 177) ASCIIOFFSET     .FILL x0030
(3080) FF9C  1111111110011100 ( 178) NEG100          .FILL xFF9C
(3081) 0064  0000000001100100 ( 179) POS100          .FILL x0064
(3082) FFF6  1111111111110110 ( 180) NEG10           .FILL xFFF6
(3083) 000A  0000000000001010 ( 181) NEWLINE         .FILL x000A
(3084) 0054  0000000001010100 ( 182) PROMPT1         .FILL x0054
(3085) 0068  0000000001101000 ( 182)                 .FILL x0068
(3086) 0065  0000000001100101 ( 182)                 .FILL x0065
(3087) 0020  0000000000100000 ( 182)                 .FILL x0020
(3088) 006E  0000000001101110 ( 182)                 .FILL x006E
(3089) 0075  0000000001110101 ( 182)                 .FILL x0075
(308A) 006D  0000000001101101 ( 182)                 .FILL x006D
(308B) 0062  0000000001100010 ( 182)                 .FILL x0062
(308C) 0065  0000000001100101 ( 182)                 .FILL x0065
(308D) 0072  0000000001110010 ( 182)                 .FILL x0072
(308E) 0020  0000000000100000 ( 182)                 .FILL x0020
(308F) 0073  0000000001110011 ( 182)                 .FILL x0073
(3090) 0065  0000000001100101 ( 182)                 .FILL x0065
(3091) 0071  0000000001110001 ( 182)                 .FILL x0071
(3092) 0075  0000000001110101 ( 182)                 .FILL x0075
(3093) 0065  0000000001100101 ( 182)                 .FILL x0065
(3094) 006E  0000000001101110 ( 182)                 .FILL x006E
(3095) 0063  0000000001100011 ( 182)                 .FILL x0063
(3096) 0065  0000000001100101 ( 182)                 .FILL x0065
(3097) 0020  0000000000100000 ( 182)                 .FILL x0020
(3098) 0069  0000000001101001 ( 182)                 .FILL x0069
(3099) 0073  0000000001110011 ( 182)                 .FILL x0073
(309A) 0020  0000000000100000 ( 182)                 .FILL x0020
(309B) 003A  0000000000111010 ( 182)                 .FILL x003A
(309C) 0000  0000000000000000 ( 182)                 .FILL x0000
(309D) 0039  0000000000111001 ( 183) PROMPT2         .FILL x0039
(309E) 0039  0000000000111001 ( 183)                 .FILL x0039
(309F) 002C  0000000000101100 ( 183)                 .FILL x002C
(30A0) 0020  0000000000100000 ( 183)                 .FILL x0020
(30A1) 002D  0000000000101101 ( 183)                 .FILL x002D
(30A2) 0037  0000000000110111 ( 183)                 .FILL x0037
(30A3) 002C  0000000000101100 ( 183)                 .FILL x002C
(30A4) 0020  0000000000100000 ( 183)                 .FILL x0020
(30A5) 0031  0000000000110001 ( 183)                 .FILL x0031
(30A6) 0032  0000000000110010 ( 183)                 .FILL x0032
(30A7) 002C  0000000000101100 ( 183)                 .FILL x002C
(30A8) 0020  0000000000100000 ( 183)                 .FILL x0020
(30A9) 0034  0000000000110100 ( 183)                 .FILL x0034
(30AA) 0035  0000000000110101 ( 183)                 .FILL x0035
(30AB) 002C  0000000000101100 ( 183)                 .FILL x002C
(30AC) 0020  0000000000100000 ( 183)                 .FILL x0020
(30AD) 0038  0000000000111000 ( 183)                 .FILL x0038
(30AE) 0037  0000000000110111 ( 183)                 .FILL x0037
(30AF) 002C  0000000000101100 ( 183)                 .FILL x002C
(30B0) 0020  0000000000100000 ( 183)                 .FILL x0020
(30B1) 002D  0000000000101101 ( 183)                 .FILL x002D
(30B2) 0031  0000000000110001 ( 183)                 .FILL x0031
(30B3) 0031  0000000000110001 ( 183)                 .FILL x0031
(30B4) 0031  0000000000110001 ( 183)                 .FILL x0031
(30B5) 002C  0000000000101100 ( 183)                 .FILL x002C
(30B6) 0020  0000000000100000 ( 183)                 .FILL x0020
(30B7) 0036  0000000000110110 ( 183)                 .FILL x0036
(30B8) 0037  0000000000110111 ( 183)                 .FILL x0037
(30B9) 002C  0000000000101100 ( 183)                 .FILL x002C
(30BA) 0020  0000000000100000 ( 183)                 .FILL x0020
(30BB) 0033  0000000000110011 ( 183)                 .FILL x0033
(30BC) 002C  0000000000101100 ( 183)                 .FILL x002C
(30BD) 0020  0000000000100000 ( 183)                 .FILL x0020
(30BE) 0030  0000000000110000 ( 183)                 .FILL x0030
(30BF) 002C  0000000000101100 ( 183)                 .FILL x002C
(30C0) 0020  0000000000100000 ( 183)                 .FILL x0020
(30C1) 0031  0000000000110001 ( 183)                 .FILL x0031
(30C2) 0038  0000000000111000 ( 183)                 .FILL x0038
(30C3) 0000  0000000000000000 ( 183)                 .FILL x0000
(30C4) 0054  0000000001010100 ( 184) PROMPT3         .FILL x0054
(30C5) 0068  0000000001101000 ( 184)                 .FILL x0068
(30C6) 0065  0000000001100101 ( 184)                 .FILL x0065
(30C7) 0020  0000000000100000 ( 184)                 .FILL x0020
(30C8) 0072  0000000001110010 ( 184)                 .FILL x0072
(30C9) 0065  0000000001100101 ( 184)                 .FILL x0065
(30CA) 0073  0000000001110011 ( 184)                 .FILL x0073
(30CB) 0075  0000000001110101 ( 184)                 .FILL x0075
(30CC) 006C  0000000001101100 ( 184)                 .FILL x006C
(30CD) 0074  0000000001110100 ( 184)                 .FILL x0074
(30CE) 0020  0000000000100000 ( 184)                 .FILL x0020
(30CF) 0069  0000000001101001 ( 184)                 .FILL x0069
(30D0) 0073  0000000001110011 ( 184)                 .FILL x0073
(30D1) 0020  0000000000100000 ( 184)                 .FILL x0020
(30D2) 003A  0000000000111010 ( 184)                 .FILL x003A
(30D3) 0000  0000000000000000 ( 184)                 .FILL x0000
