(0000) 3000  0011000000000000 (   4)                 .ORIG x3000
(3000) 2C6D  0010110001101101 (   8) AGAIN           LD    R6 STACKBASE
(3001) 2071  0010000001110001 (   9)                 LD    R0 UPPER_E
(3002) 7180  0111000110000000 (  10)                 STR   R0 R6 #0
(3003) 1DBF  0001110110111111 (  11)                 ADD   R6 R6 #-1
(3004) 206D  0010000001101101 (  12)                 LD    R0 UPPER_T
(3005) 7180  0111000110000000 (  13)                 STR   R0 R6 #0
(3006) 1DBF  0001110110111111 (  14)                 ADD   R6 R6 #-1
(3007) 2069  0010000001101001 (  15)                 LD    R0 UPPER_S
(3008) 7180  0111000110000000 (  16)                 STR   R0 R6 #0
(3009) E06C  1110000001101100 (  18)                 LEA   R0 PROMPT
(300A) F022  1111000000100010 (  19)                 TRAP  x22
(300B) 2061  0010000001100001 (  20)                 LD    R0 NEWLINE
(300C) F021  1111000000100001 (  21)                 TRAP  x21
(300D) E096  1110000010010110 (  22)                 LEA   R0 PROMPT1
(300E) F022  1111000000100010 (  23)                 TRAP  x22
(300F) 205D  0010000001011101 (  24)                 LD    R0 NEWLINE
(3010) F021  1111000000100001 (  25)                 TRAP  x21
(3011) E0AB  1110000010101011 (  26)                 LEA   R0 PROMPT2
(3012) F022  1111000000100010 (  27)                 TRAP  x22
(3013) F023  1111000000100011 (  31) NEW             TRAP  x23
(3014) 54A0  0101010010100000 (  36)                 AND   R2 R2 #0
(3015) 56E0  0101011011100000 (  37)                 AND   R3 R3 #0
(3016) 2458  0010010001011000 (  38)                 LD    R2 NEGONE
(3017) 2658  0010011001011000 (  39)                 LD    R3 NEGNINE
(3018) 1480  0001010010000000 (  40)                 ADD   R2 R2 R0
(3019) 0802  0000100000000010 (  41)                 BRN   ERROR
(301A) 16C0  0001011011000000 (  42)                 ADD   R3 R3 R0
(301B) 0C02  0000110000000010 (  43)                 BRNZ  NEXT
(301C) E0E1  1110000011100001 (  45) ERROR           LEA   R0 PROMPT4
(301D) 0FF5  0000111111110101 (  46)                 BRNZP NEW
(301E) 224D  0010001001001101 (  48) NEXT            LD    R1 ASCII
(301F) 1001  0001000000000001 (  49)                 ADD   R0 R0 R1
(3020) 1DBF  0001110110111111 (  50)                 ADD   R6 R6 #-1
(3021) 7180  0111000110000000 (  51)                 STR   R0 R6 #0
(3022) 480E  0100100000001110 (  55)                 JSR   HANOI
(3023) E0B0  1110000010110000 (  56) ERRLOOP         LEA   R0 PROMPT3
(3024) F022  1111000000100010 (  57)                 TRAP  x22
(3025) F023  1111000000100011 (  58)                 TRAP  x23
(3026) 5260  0101001001100000 (  59)                 AND   R1 R1 #0
(3027) 54A0  0101010010100000 (  60)                 AND   R2 R2 #0
(3028) 224B  0010001001001011 (  61)                 LD    R1 NEGUPPER_Y
(3029) 1240  0001001001000000 (  62)                 ADD   R1 R1 R0
(302A) 05D5  0000010111010101 (  63)                 BRZ   AGAIN
(302B) 2449  0010010001001001 (  64)                 LD    R2 NEGUPPER_N
(302C) 1480  0001010010000000 (  65)                 ADD   R2 R2 R0
(302D) 043D  0000010000111101 (  66)                 BRZ   EXIT
(302E) E0CF  1110000011001111 (  67)                 LEA   R0 PROMPT4
(302F) F022  1111000000100010 (  68)                 TRAP  x22
(3030) 0FF2  0000111111110010 (  69)                 BRNZP ERRLOOP
(3031) 1DBF  0001110110111111 (  75) HANOI           ADD   R6 R6 #-1
(3032) 7F80  0111111110000000 (  76)                 STR   R7 R6 #0
(3033) 1DBF  0001110110111111 (  77)                 ADD   R6 R6 #-1
(3034) 7B80  0111101110000000 (  78)                 STR   R5 R6 #0
(3035) 1BA0  0001101110100000 (  79)                 ADD   R5 R6 #0
(3036) 6142  0110000101000010 (  83)                 LDR   R0 R5 #2
(3037) 103F  0001000000111111 (  84)                 ADD   R0 R0 #-1
(3038) 0425  0000010000100101 (  85)                 BRZ   H_BASE
(3039) 6144  0110000101000100 (  90)                 LDR   R0 R5 #4
(303A) 1DBF  0001110110111111 (  91)                 ADD   R6 R6 #-1
(303B) 7180  0111000110000000 (  92)                 STR   R0 R6 #0
(303C) 6145  0110000101000101 (  93)                 LDR   R0 R5 #5
(303D) 1DBF  0001110110111111 (  94)                 ADD   R6 R6 #-1
(303E) 7180  0111000110000000 (  95)                 STR   R0 R6 #0
(303F) 6143  0110000101000011 (  96)                 LDR   R0 R5 #3
(3040) 1DBF  0001110110111111 (  97)                 ADD   R6 R6 #-1
(3041) 7180  0111000110000000 (  98)                 STR   R0 R6 #0
(3042) 6142  0110000101000010 (  99)                 LDR   R0 R5 #2
(3043) 103F  0001000000111111 ( 100)                 ADD   R0 R0 #-1
(3044) 1DBF  0001110110111111 ( 101)                 ADD   R6 R6 #-1
(3045) 7180  0111000110000000 ( 102)                 STR   R0 R6 #0
(3046) 4FEA  0100111111101010 ( 106)                 JSR   HANOI
(3047) 6143  0110000101000011 ( 110)                 LDR   R0 R5 #3
(3048) F021  1111000000100001 ( 111)                 TRAP  x21
(3049) E0DA  1110000011011010 ( 112)                 LEA   R0 OUTPUT
(304A) F022  1111000000100010 ( 113)                 TRAP  x22
(304B) 6145  0110000101000101 ( 114)                 LDR   R0 R5 #5
(304C) F021  1111000000100001 ( 115)                 TRAP  x21
(304D) 201F  0010000000011111 ( 116)                 LD    R0 NEWLINE
(304E) F021  1111000000100001 ( 117)                 TRAP  x21
(304F) 6145  0110000101000101 ( 121)                 LDR   R0 R5 #5
(3050) 1DBF  0001110110111111 ( 122)                 ADD   R6 R6 #-1
(3051) 7180  0111000110000000 ( 123)                 STR   R0 R6 #0
(3052) 6143  0110000101000011 ( 124)                 LDR   R0 R5 #3
(3053) 1DBF  0001110110111111 ( 125)                 ADD   R6 R6 #-1
(3054) 7180  0111000110000000 ( 126)                 STR   R0 R6 #0
(3055) 6144  0110000101000100 ( 127)                 LDR   R0 R5 #4
(3056) 1DBF  0001110110111111 ( 128)                 ADD   R6 R6 #-1
(3057) 7180  0111000110000000 ( 129)                 STR   R0 R6 #0
(3058) 6142  0110000101000010 ( 130)                 LDR   R0 R5 #2
(3059) 103F  0001000000111111 ( 131)                 ADD   R0 R0 #-1
(305A) 1DBF  0001110110111111 ( 132)                 ADD   R6 R6 #-1
(305B) 7180  0111000110000000 ( 133)                 STR   R0 R6 #0
(305C) 4FD4  0100111111010100 ( 134)                 JSR   HANOI
(305D) 0E08  0000111000001000 ( 136)                 BRNZP H_END
(305E) 6143  0110000101000011 ( 140) H_BASE          LDR   R0 R5 #3
(305F) F021  1111000000100001 ( 141)                 TRAP  x21
(3060) E0C3  1110000011000011 ( 142)                 LEA   R0 OUTPUT
(3061) F022  1111000000100010 ( 143)                 TRAP  x22
(3062) 6145  0110000101000101 ( 144)                 LDR   R0 R5 #5
(3063) F021  1111000000100001 ( 145)                 TRAP  x21
(3064) 2008  0010000000001000 ( 146)                 LD    R0 NEWLINE
(3065) F021  1111000000100001 ( 147)                 TRAP  x21
(3066) 6B80  0110101110000000 ( 151) H_END           LDR   R5 R6 #0
(3067) 1DA1  0001110110100001 ( 152)                 ADD   R6 R6 #1
(3068) 6F80  0110111110000000 ( 153)                 LDR   R7 R6 #0
(3069) 1DA5  0001110110100101 ( 154)                 ADD   R6 R6 #5
(306A) C1C0  1100000111000000 ( 155)                 RET   
(306B) F025  1111000000100101 ( 159) EXIT            TRAP  x25
(306C) FFD0  1111111111010000 ( 161) ASCII           .FILL xFFD0
(306D) 000A  0000000000001010 ( 162) NEWLINE         .FILL x000A
(306E) 6000  0110000000000000 ( 163) STACKBASE       .FILL x6000
(306F) FFCF  1111111111001111 ( 164) NEGONE          .FILL xFFCF
(3070) FFC7  1111111111000111 ( 165) NEGNINE         .FILL xFFC7
(3071) 0053  0000000001010011 ( 166) UPPER_S         .FILL x0053
(3072) 0054  0000000001010100 ( 167) UPPER_T         .FILL x0054
(3073) 0045  0000000001000101 ( 168) UPPER_E         .FILL x0045
(3074) FFA7  1111111110100111 ( 169) NEGUPPER_Y      .FILL xFFA7
(3075) FFB2  1111111110110010 ( 170) NEGUPPER_N      .FILL xFFB2
(3076) 0050  0000000001010000 ( 171) PROMPT          .FILL x0050
(3077) 006C  0000000001101100 ( 171)                 .FILL x006C
(3078) 0065  0000000001100101 ( 171)                 .FILL x0065
(3079) 0061  0000000001100001 ( 171)                 .FILL x0061
(307A) 0073  0000000001110011 ( 171)                 .FILL x0073
(307B) 0065  0000000001100101 ( 171)                 .FILL x0065
(307C) 0020  0000000000100000 ( 171)                 .FILL x0020
(307D) 0069  0000000001101001 ( 171)                 .FILL x0069
(307E) 006E  0000000001101110 ( 171)                 .FILL x006E
(307F) 0070  0000000001110000 ( 171)                 .FILL x0070
(3080) 0075  0000000001110101 ( 171)                 .FILL x0075
(3081) 0074  0000000001110100 ( 171)                 .FILL x0074
(3082) 0020  0000000000100000 ( 171)                 .FILL x0020
(3083) 0074  0000000001110100 ( 171)                 .FILL x0074
(3084) 0068  0000000001101000 ( 171)                 .FILL x0068
(3085) 0065  0000000001100101 ( 171)                 .FILL x0065
(3086) 0020  0000000000100000 ( 171)                 .FILL x0020
(3087) 006E  0000000001101110 ( 171)                 .FILL x006E
(3088) 0075  0000000001110101 ( 171)                 .FILL x0075
(3089) 006D  0000000001101101 ( 171)                 .FILL x006D
(308A) 0062  0000000001100010 ( 171)                 .FILL x0062
(308B) 0065  0000000001100101 ( 171)                 .FILL x0065
(308C) 0072  0000000001110010 ( 171)                 .FILL x0072
(308D) 0020  0000000000100000 ( 171)                 .FILL x0020
(308E) 006F  0000000001101111 ( 171)                 .FILL x006F
(308F) 0066  0000000001100110 ( 171)                 .FILL x0066
(3090) 0020  0000000000100000 ( 171)                 .FILL x0020
(3091) 0048  0000000001001000 ( 171)                 .FILL x0048
(3092) 0061  0000000001100001 ( 171)                 .FILL x0061
(3093) 006E  0000000001101110 ( 171)                 .FILL x006E
(3094) 006F  0000000001101111 ( 171)                 .FILL x006F
(3095) 0069  0000000001101001 ( 171)                 .FILL x0069
(3096) 0020  0000000000100000 ( 171)                 .FILL x0020
(3097) 0054  0000000001010100 ( 171)                 .FILL x0054
(3098) 006F  0000000001101111 ( 171)                 .FILL x006F
(3099) 0077  0000000001110111 ( 171)                 .FILL x0077
(309A) 0065  0000000001100101 ( 171)                 .FILL x0065
(309B) 0072  0000000001110010 ( 171)                 .FILL x0072
(309C) 0028  0000000000101000 ( 171)                 .FILL x0028
(309D) 0031  0000000000110001 ( 171)                 .FILL x0031
(309E) 002D  0000000000101101 ( 171)                 .FILL x002D
(309F) 0039  0000000000111001 ( 171)                 .FILL x0039
(30A0) 0029  0000000000101001 ( 171)                 .FILL x0029
(30A1) 002F  0000000000101111 ( 171)                 .FILL x002F
(30A2) 003E  0000000000111110 ( 171)                 .FILL x003E
(30A3) 0000  0000000000000000 ( 171)                 .FILL x0000
(30A4) 0041  0000000001000001 ( 172) PROMPT1         .FILL x0041
(30A5) 006C  0000000001101100 ( 172)                 .FILL x006C
(30A6) 006C  0000000001101100 ( 172)                 .FILL x006C
(30A7) 0020  0000000000100000 ( 172)                 .FILL x0020
(30A8) 0064  0000000001100100 ( 172)                 .FILL x0064
(30A9) 0069  0000000001101001 ( 172)                 .FILL x0069
(30AA) 0073  0000000001110011 ( 172)                 .FILL x0073
(30AB) 006B  0000000001101011 ( 172)                 .FILL x006B
(30AC) 0073  0000000001110011 ( 172)                 .FILL x0073
(30AD) 0020  0000000000100000 ( 172)                 .FILL x0020
(30AE) 006F  0000000001101111 ( 172)                 .FILL x006F
(30AF) 006E  0000000001101110 ( 172)                 .FILL x006E
(30B0) 0020  0000000000100000 ( 172)                 .FILL x0020
(30B1) 0074  0000000001110100 ( 172)                 .FILL x0074
(30B2) 0068  0000000001101000 ( 172)                 .FILL x0068
(30B3) 0065  0000000001100101 ( 172)                 .FILL x0065
(30B4) 0020  0000000000100000 ( 172)                 .FILL x0020
(30B5) 0062  0000000001100010 ( 172)                 .FILL x0062
(30B6) 0061  0000000001100001 ( 172)                 .FILL x0061
(30B7) 0073  0000000001110011 ( 172)                 .FILL x0073
(30B8) 0065  0000000001100101 ( 172)                 .FILL x0065
(30B9) 0020  0000000000100000 ( 172)                 .FILL x0020
(30BA) 0053  0000000001010011 ( 172)                 .FILL x0053
(30BB) 002E  0000000000101110 ( 172)                 .FILL x002E
(30BC) 0000  0000000000000000 ( 172)                 .FILL x0000
(30BD) 0054  0000000001010100 ( 173) PROMPT2         .FILL x0054
(30BE) 0068  0000000001101000 ( 173)                 .FILL x0068
(30BF) 0065  0000000001100101 ( 173)                 .FILL x0065
(30C0) 0020  0000000000100000 ( 173)                 .FILL x0020
(30C1) 0073  0000000001110011 ( 173)                 .FILL x0073
(30C2) 0065  0000000001100101 ( 173)                 .FILL x0065
(30C3) 0071  0000000001110001 ( 173)                 .FILL x0071
(30C4) 0075  0000000001110101 ( 173)                 .FILL x0075
(30C5) 0065  0000000001100101 ( 173)                 .FILL x0065
(30C6) 006E  0000000001101110 ( 173)                 .FILL x006E
(30C7) 0063  0000000001100011 ( 173)                 .FILL x0063
(30C8) 0065  0000000001100101 ( 173)                 .FILL x0065
(30C9) 0020  0000000000100000 ( 173)                 .FILL x0020
(30CA) 0069  0000000001101001 ( 173)                 .FILL x0069
(30CB) 0073  0000000001110011 ( 173)                 .FILL x0073
(30CC) 0020  0000000000100000 ( 173)                 .FILL x0020
(30CD) 0053  0000000001010011 ( 173)                 .FILL x0053
(30CE) 002D  0000000000101101 ( 173)                 .FILL x002D
(30CF) 0054  0000000001010100 ( 173)                 .FILL x0054
(30D0) 002D  0000000000101101 ( 173)                 .FILL x002D
(30D1) 0045  0000000001000101 ( 173)                 .FILL x0045
(30D2) 002E  0000000000101110 ( 173)                 .FILL x002E
(30D3) 0000  0000000000000000 ( 173)                 .FILL x0000
(30D4) 0044  0000000001000100 ( 174) PROMPT3         .FILL x0044
(30D5) 004F  0000000001001111 ( 174)                 .FILL x004F
(30D6) 0020  0000000000100000 ( 174)                 .FILL x0020
(30D7) 0079  0000000001111001 ( 174)                 .FILL x0079
(30D8) 006F  0000000001101111 ( 174)                 .FILL x006F
(30D9) 0075  0000000001110101 ( 174)                 .FILL x0075
(30DA) 0020  0000000000100000 ( 174)                 .FILL x0020
(30DB) 0077  0000000001110111 ( 174)                 .FILL x0077
(30DC) 0061  0000000001100001 ( 174)                 .FILL x0061
(30DD) 006E  0000000001101110 ( 174)                 .FILL x006E
(30DE) 006E  0000000001101110 ( 174)                 .FILL x006E
(30DF) 0061  0000000001100001 ( 174)                 .FILL x0061
(30E0) 0020  0000000000100000 ( 174)                 .FILL x0020
(30E1) 0065  0000000001100101 ( 174)                 .FILL x0065
(30E2) 0078  0000000001111000 ( 174)                 .FILL x0078
(30E3) 0065  0000000001100101 ( 174)                 .FILL x0065
(30E4) 0063  0000000001100011 ( 174)                 .FILL x0063
(30E5) 0075  0000000001110101 ( 174)                 .FILL x0075
(30E6) 0074  0000000001110100 ( 174)                 .FILL x0074
(30E7) 0065  0000000001100101 ( 174)                 .FILL x0065
(30E8) 0020  0000000000100000 ( 174)                 .FILL x0020
(30E9) 0061  0000000001100001 ( 174)                 .FILL x0061
(30EA) 0067  0000000001100111 ( 174)                 .FILL x0067
(30EB) 0061  0000000001100001 ( 174)                 .FILL x0061
(30EC) 0069  0000000001101001 ( 174)                 .FILL x0069
(30ED) 006E  0000000001101110 ( 174)                 .FILL x006E
(30EE) 003F  0000000000111111 ( 174)                 .FILL x003F
(30EF) 0028  0000000000101000 ( 174)                 .FILL x0028
(30F0) 0027  0000000000100111 ( 174)                 .FILL x0027
(30F1) 0059  0000000001011001 ( 174)                 .FILL x0059
(30F2) 0027  0000000000100111 ( 174)                 .FILL x0027
(30F3) 0020  0000000000100000 ( 174)                 .FILL x0020
(30F4) 006F  0000000001101111 ( 174)                 .FILL x006F
(30F5) 0072  0000000001110010 ( 174)                 .FILL x0072
(30F6) 0020  0000000000100000 ( 174)                 .FILL x0020
(30F7) 0027  0000000000100111 ( 174)                 .FILL x0027
(30F8) 004E  0000000001001110 ( 174)                 .FILL x004E
(30F9) 0027  0000000000100111 ( 174)                 .FILL x0027
(30FA) 0029  0000000000101001 ( 174)                 .FILL x0029
(30FB) 002F  0000000000101111 ( 174)                 .FILL x002F
(30FC) 003E  0000000000111110 ( 174)                 .FILL x003E
(30FD) 0000  0000000000000000 ( 174)                 .FILL x0000
(30FE) 0049  0000000001001001 ( 175) PROMPT4         .FILL x0049
(30FF) 006E  0000000001101110 ( 175)                 .FILL x006E
(3100) 0070  0000000001110000 ( 175)                 .FILL x0070
(3101) 0075  0000000001110101 ( 175)                 .FILL x0075
(3102) 0074  0000000001110100 ( 175)                 .FILL x0074
(3103) 0020  0000000000100000 ( 175)                 .FILL x0020
(3104) 0069  0000000001101001 ( 175)                 .FILL x0069
(3105) 0073  0000000001110011 ( 175)                 .FILL x0073
(3106) 0020  0000000000100000 ( 175)                 .FILL x0020
(3107) 0061  0000000001100001 ( 175)                 .FILL x0061
(3108) 006E  0000000001101110 ( 175)                 .FILL x006E
(3109) 0020  0000000000100000 ( 175)                 .FILL x0020
(310A) 0065  0000000001100101 ( 175)                 .FILL x0065
(310B) 0072  0000000001110010 ( 175)                 .FILL x0072
(310C) 0072  0000000001110010 ( 175)                 .FILL x0072
(310D) 006F  0000000001101111 ( 175)                 .FILL x006F
(310E) 0072  0000000001110010 ( 175)                 .FILL x0072
(310F) 0021  0000000000100001 ( 175)                 .FILL x0021
(3110) 0050  0000000001010000 ( 175)                 .FILL x0050
(3111) 006C  0000000001101100 ( 175)                 .FILL x006C
(3112) 0065  0000000001100101 ( 175)                 .FILL x0065
(3113) 0061  0000000001100001 ( 175)                 .FILL x0061
(3114) 0073  0000000001110011 ( 175)                 .FILL x0073
(3115) 0065  0000000001100101 ( 175)                 .FILL x0065
(3116) 0020  0000000000100000 ( 175)                 .FILL x0020
(3117) 0069  0000000001101001 ( 175)                 .FILL x0069
(3118) 006E  0000000001101110 ( 175)                 .FILL x006E
(3119) 0070  0000000001110000 ( 175)                 .FILL x0070
(311A) 0075  0000000001110101 ( 175)                 .FILL x0075
(311B) 0074  0000000001110100 ( 175)                 .FILL x0074
(311C) 0020  0000000000100000 ( 175)                 .FILL x0020
(311D) 0061  0000000001100001 ( 175)                 .FILL x0061
(311E) 0067  0000000001100111 ( 175)                 .FILL x0067
(311F) 0061  0000000001100001 ( 175)                 .FILL x0061
(3120) 0069  0000000001101001 ( 175)                 .FILL x0069
(3121) 006E  0000000001101110 ( 175)                 .FILL x006E
(3122) 0021  0000000000100001 ( 175)                 .FILL x0021
(3123) 0000  0000000000000000 ( 175)                 .FILL x0000
(3124) 0020  0000000000100000 ( 176) OUTPUT          .FILL x0020
(3125) 002D  0000000000101101 ( 176)                 .FILL x002D
(3126) 003E  0000000000111110 ( 176)                 .FILL x003E
(3127) 0020  0000000000100000 ( 176)                 .FILL x0020
(3128) 0000  0000000000000000 ( 176)                 .FILL x0000
