(0000) 3000  0011000000000000 (   4)                 .ORIG x3000
(3000) 2C38  0010110000111000 (   5)                 LD    R6 STACKBASE
(3001) 5260  0101001001100000 (   6)                 AND   R1 R1 #0
(3002) 223E  0010001000111110 (   7)                 LD    R1 ENTRANCE
(3003) B23C  1011001000111100 (   8)                 STI   R1 INTV
(3004) 223A  0010001000111010 (   9)                 LD    R1 MASK
(3005) B238  1011001000111000 (  10)                 STI   R1 KBSR
(3006) 3A34  0011101000110100 (  14) START           ST    R5 SaveR5
(3007) 2A3A  0010101000111010 (  16)                 LD    R5 NUM7
(3008) 4812  0100100000010010 (  17)                 JSR   ROWODD
(3009) 481B  0100100000011011 (  18) LOOPONE         JSR   WORK
(300A) E049  1110000001001001 (  19)                 LEA   R0 SPACE3
(300B) F022  1111000000100010 (  20)                 TRAP  x22
(300C) 1B7F  0001101101111111 (  21)                 ADD   R5 R5 #-1
(300D) 03FB  0000001111111011 (  22)                 BRP   LOOPONE
(300E) 2049  0010000001001001 (  23)                 LD    R0 NEWLINE
(300F) F021  1111000000100001 (  24)                 TRAP  x21
(3010) 2A32  0010101000110010 (  26)                 LD    R5 NUM6
(3011) 480E  0100100000001110 (  27)                 JSR   ROWEVE
(3012) E041  1110000001000001 (  28) LOOPTWO         LEA   R0 SPACE3
(3013) F022  1111000000100010 (  29)                 TRAP  x22
(3014) 4810  0100100000010000 (  30)                 JSR   WORK
(3015) 1B7F  0001101101111111 (  31)                 ADD   R5 R5 #-1
(3016) 03FB  0000001111111011 (  32)                 BRP   LOOPTWO
(3017) 2040  0010000001000000 (  33)                 LD    R0 NEWLINE
(3018) F021  1111000000100001 (  34)                 TRAP  x21
(3019) 2A21  0010101000100001 (  35)                 LD    R5 SaveR5
(301A) 0FEB  0000111111101011 (  36)                 BRNZP START
(301B) 3E20  0011111000100000 (  40) ROWODD          ST    R7 SaveR7
(301C) E027  1110000000100111 (  41)                 LEA   R0 ODD
(301D) F022  1111000000100010 (  42)                 TRAP  x22
(301E) 2E1D  0010111000011101 (  43)                 LD    R7 SaveR7
(301F) C1C0  1100000111000000 (  44)                 RET   
(3020) 3E1B  0011111000011011 (  46) ROWEVE          ST    R7 SaveR7
(3021) E027  1110000000100111 (  47)                 LEA   R0 EVE
(3022) F022  1111000000100010 (  48)                 TRAP  x22
(3023) 2E18  0010111000011000 (  49)                 LD    R7 SaveR7
(3024) C1C0  1100000111000000 (  50)                 RET   
(3025) 3E16  0011111000010110 (  56) WORK            ST    R7 SaveR7
(3026) E027  1110000000100111 (  57)                 LEA   R0 PromptZ
(3027) F022  1111000000100010 (  58)                 TRAP  x22
(3028) 4808  0100100000001000 (  60)                 JSR   LOW
(3029) E026  1110000000100110 (  61)                 LEA   R0 PromptY
(302A) F022  1111000000100010 (  62)                 TRAP  x22
(302B) 4805  0100100000000101 (  64)                 JSR   LOW
(302C) E025  1110000000100101 (  65)                 LEA   R0 PromptC
(302D) F022  1111000000100010 (  66)                 TRAP  x22
(302E) 4802  0100100000000010 (  68)                 JSR   LOW
(302F) 2E0C  0010111000001100 (  69)                 LD    R7 SaveR7
(3030) C1C0  1100000111000000 (  70)                 RET   
(3031) 3E0B  0011111000001011 (  76) LOW             ST    R7 StoreR7
(3032) 3807  0011100000000111 (  77)                 ST    R4 SaveR4
(3033) 5920  0101100100100000 (  78)                 AND   R4 R4 #0
(3034) 1921  0001100100100001 (  79) AGAIN           ADD   R4 R4 #1
(3035) 0BFE  0000101111111110 (  80)                 BRNP  AGAIN
(3036) 2803  0010100000000011 (  82)                 LD    R4 SaveR4
(3037) 2E05  0010111000000101 (  83)                 LD    R7 StoreR7
(3038) C1C0  1100000111000000 (  84)                 RET   
(3039) 3FFF  0011111111111111 (  88) STACKBASE       .FILL x3FFF
(303A) 0000  0000000000000000 (  90) SaveR4          .FILL x0000
(303B) 0000  0000000000000000 (  91) SaveR5          .FILL x0000
(303C) 0000  0000000000000000 (  92) SaveR7          .FILL x0000
(303D) 0000  0000000000000000 (  93) StoreR7         .FILL x0000
(303E) FE00  1111111000000000 (  93) KBSR            .FILL xFE00
(303F) 4000  0100000000000000 (  94) MASK            .FILL x4000
(3040) 0180  0000000110000000 (  95) INTV            .FILL x0180
(3041) 1000  0001000000000000 (  96) ENTRANCE        .FILL x1000
(3042) 0007  0000000000000111 (  97) NUM7            .FILL x0007
(3043) 0006  0000000000000110 (  98) NUM6            .FILL x0006
(3044) 004F  0000000001001111 (  99) ODD             .FILL x004F
(3045) 0044  0000000001000100 (  99)                 .FILL x0044
(3046) 0044  0000000001000100 (  99)                 .FILL x0044
(3047) 003A  0000000000111010 (  99)                 .FILL x003A
(3048) 0000  0000000000000000 (  99)                 .FILL x0000
(3049) 0045  0000000001000101 ( 100) EVE             .FILL x0045
(304A) 0056  0000000001010110 ( 100)                 .FILL x0056
(304B) 0045  0000000001000101 ( 100)                 .FILL x0045
(304C) 003A  0000000000111010 ( 100)                 .FILL x003A
(304D) 0000  0000000000000000 ( 100)                 .FILL x0000
(304E) 005A  0000000001011010 ( 101) PromptZ         .FILL x005A
(304F) 0000  0000000000000000 ( 101)                 .FILL x0000
(3050) 0059  0000000001011001 ( 102) PromptY         .FILL x0059
(3051) 0000  0000000000000000 ( 102)                 .FILL x0000
(3052) 0043  0000000001000011 ( 103) PromptC         .FILL x0043
(3053) 0000  0000000000000000 ( 103)                 .FILL x0000
(3054) 0020  0000000000100000 ( 104) SPACE3          .FILL x0020
(3055) 0020  0000000000100000 ( 104)                 .FILL x0020
(3056) 0020  0000000000100000 ( 104)                 .FILL x0020
(3057) 0000  0000000000000000 ( 104)                 .FILL x0000
(3058) 000A  0000000000001010 ( 105) NEWLINE         .FILL x000A
