(0000) 1000  0001000000000000 (   3)                 .ORIG x1000
(1000) 3013  0011000000010011 (   4)                 ST    R0 StoreR0
(1001) 480C  0100100000001100 (   5)                 JSR   NEWLINE
(1002) 480B  0100100000001011 (   6)                 JSR   NEWLINE
(1003) E012  1110000000010010 (   7)                 LEA   R0 INTINFO
(1004) F022  1111000000100010 (   8)                 TRAP  x22
(1005) 4808  0100100000001000 (   9)                 JSR   NEWLINE
(1006) E030  1110000000110000 (  10)                 LEA   R0 ECHO
(1007) F022  1111000000100010 (  11)                 TRAP  x22
(1008) A00A  1010000000001010 (  12)                 LDI   R0 KBDR
(1009) F021  1111000000100001 (  13)                 TRAP  x21
(100A) 4803  0100100000000011 (  14)                 JSR   NEWLINE
(100B) 4802  0100100000000010 (  15)                 JSR   NEWLINE
(100C) 2007  0010000000000111 (  17)                 LD    R0 StoreR0
(100D) 8000  1000000000000000 (  18)                 RTI   
(100E) 3E06  0011111000000110 (  20) NEWLINE         ST    R7 SaveR7
(100F) 2045  0010000001000101 (  21)                 LD    R0 NEXTLINE
(1010) F021  1111000000100001 (  22)                 TRAP  x21
(1011) 2E03  0010111000000011 (  23)                 LD    R7 SaveR7
(1012) C1C0  1100000111000000 (  24)                 RET   
(1013) FE02  1111111000000010 (  26) KBDR            .FILL xFE02
(1014) 0000  0000000000000000 (  28) StoreR0         .FILL x0000
(1015) 0000  0000000000000000 (  29) SaveR7          .FILL x0000
(1016) 0020  0000000000100000 (  29) INTINFO         .FILL x0020
(1017) 004D  0000000001001101 (  29)                 .FILL x004D
(1018) 0079  0000000001111001 (  29)                 .FILL x0079
(1019) 0020  0000000000100000 (  29)                 .FILL x0020
(101A) 0067  0000000001100111 (  29)                 .FILL x0067
(101B) 006F  0000000001101111 (  29)                 .FILL x006F
(101C) 0064  0000000001100100 (  29)                 .FILL x0064
(101D) 0021  0000000000100001 (  29)                 .FILL x0021
(101E) 0041  0000000001000001 (  29)                 .FILL x0041
(101F) 006E  0000000001101110 (  29)                 .FILL x006E
(1020) 0020  0000000000100000 (  29)                 .FILL x0020
(1021) 0069  0000000001101001 (  29)                 .FILL x0069
(1022) 006E  0000000001101110 (  29)                 .FILL x006E
(1023) 0074  0000000001110100 (  29)                 .FILL x0074
(1024) 0065  0000000001100101 (  29)                 .FILL x0065
(1025) 0072  0000000001110010 (  29)                 .FILL x0072
(1026) 0072  0000000001110010 (  29)                 .FILL x0072
(1027) 0075  0000000001110101 (  29)                 .FILL x0075
(1028) 0070  0000000001110000 (  29)                 .FILL x0070
(1029) 0074  0000000001110100 (  29)                 .FILL x0074
(102A) 0069  0000000001101001 (  29)                 .FILL x0069
(102B) 006F  0000000001101111 (  29)                 .FILL x006F
(102C) 006E  0000000001101110 (  29)                 .FILL x006E
(102D) 0020  0000000000100000 (  29)                 .FILL x0020
(102E) 006F  0000000001101111 (  29)                 .FILL x006F
(102F) 0063  0000000001100011 (  29)                 .FILL x0063
(1030) 0063  0000000001100011 (  29)                 .FILL x0063
(1031) 0075  0000000001110101 (  29)                 .FILL x0075
(1032) 0072  0000000001110010 (  29)                 .FILL x0072
(1033) 0073  0000000001110011 (  29)                 .FILL x0073
(1034) 0021  0000000000100001 (  29)                 .FILL x0021
(1035) 0020  0000000000100000 (  29)                 .FILL x0020
(1036) 0000  0000000000000000 (  29)                 .FILL x0000
(1037) 0020  0000000000100000 (  30) ECHO            .FILL x0020
(1038) 0054  0000000001010100 (  30)                 .FILL x0054
(1039) 0068  0000000001101000 (  30)                 .FILL x0068
(103A) 0065  0000000001100101 (  30)                 .FILL x0065
(103B) 0020  0000000000100000 (  30)                 .FILL x0020
(103C) 0063  0000000001100011 (  30)                 .FILL x0063
(103D) 0068  0000000001101000 (  30)                 .FILL x0068
(103E) 0061  0000000001100001 (  30)                 .FILL x0061
(103F) 0072  0000000001110010 (  30)                 .FILL x0072
(1040) 0061  0000000001100001 (  30)                 .FILL x0061
(1041) 0063  0000000001100011 (  30)                 .FILL x0063
(1042) 0074  0000000001110100 (  30)                 .FILL x0074
(1043) 0065  0000000001100101 (  30)                 .FILL x0065
(1044) 0072  0000000001110010 (  30)                 .FILL x0072
(1045) 0020  0000000000100000 (  30)                 .FILL x0020
(1046) 0079  0000000001111001 (  30)                 .FILL x0079
(1047) 006F  0000000001101111 (  30)                 .FILL x006F
(1048) 0075  0000000001110101 (  30)                 .FILL x0075
(1049) 0020  0000000000100000 (  30)                 .FILL x0020
(104A) 0065  0000000001100101 (  30)                 .FILL x0065
(104B) 006E  0000000001101110 (  30)                 .FILL x006E
(104C) 0074  0000000001110100 (  30)                 .FILL x0074
(104D) 0065  0000000001100101 (  30)                 .FILL x0065
(104E) 0072  0000000001110010 (  30)                 .FILL x0072
(104F) 0020  0000000000100000 (  30)                 .FILL x0020
(1050) 0069  0000000001101001 (  30)                 .FILL x0069
(1051) 0073  0000000001110011 (  30)                 .FILL x0073
(1052) 003A  0000000000111010 (  30)                 .FILL x003A
(1053) 0020  0000000000100000 (  30)                 .FILL x0020
(1054) 0000  0000000000000000 (  30)                 .FILL x0000
(1055) 000A  0000000000001010 (  31) NEXTLINE        .FILL x000A
